[10/27/2022 16:09:09] Debug: Session id: 1d03de93-6091-4f1c-aa5c-2ffef772de79
[10/27/2022 16:09:09] Debug: Code Processor information: Name :PythonSnowConvert, Version: 2.0.111.0
[10/27/2022 16:09:10] Debug: Getting license
[10/27/2022 16:09:10] Debug: License information
	Status: Failed
	Message: No active license available.
[10/27/2022 16:09:10] Info: Starting to validate parameters
[10/27/2022 16:09:10] Info: Parameters to validate: 
	Execution mode: Assessment
	ConfidentialMode: true
	LICENSE_KEY: f96ff23c-c728-48de-972b-951d799822b7
[10/27/2022 16:09:10] Info: Validation of parameters: Success
[10/27/2022 16:09:10] Debug: Getting code descriptor
[10/27/2022 16:09:10] Debug: Code descriptor information
	Units: 3969
	Units type: LOC
	All file bytes: 157786
	All found extensions: .py
[10/27/2022 16:09:10] Debug: Calculating fingerprint
[10/27/2022 16:09:10] Debug: Fingerprint information Fingerprint(size=157786,projects=1)
[10/27/2022 16:09:10] Info: Starting to try to validate online license for execution
[10/27/2022 16:09:12] Debug: Getting license
[10/27/2022 16:09:12] Debug: License information
	Status: Failed
	Message: No active license available.
[10/27/2022 16:09:12] Debug: Starting the execution of the controller
[10/27/2022 16:09:13] Debug: Executing the worker: GenericScanner
[10/27/2022 16:09:13] Debug: Finished executing the worker: GenericScanner
[10/27/2022 16:09:14] Debug: Executing the worker: PythonSnowConvert
[10/27/2022 16:09:26] Debug: Finished executing the worker: PythonSnowConvert
[10/27/2022 16:09:27] Info: Controller execution ended
