[10/27/2022 15:41:19] Debug: Session id: 267f6a62-0c6b-497a-9857-913e105b49cd
[10/27/2022 15:41:19] Debug: Code Processor information: Name :PythonSnowConvert, Version: 2.0.111.0
[10/27/2022 15:41:20] Debug: Getting license
[10/27/2022 15:41:20] Debug: License information
	Status: Failed
	Message: No active license available.
[10/27/2022 15:41:20] Info: Starting to validate parameters
[10/27/2022 15:41:20] Info: Parameters to validate: 
	Execution mode: Assessment
	ConfidentialMode: true
	LICENSE_KEY: f96ff23c-c728-48de-972b-951d799822b7
[10/27/2022 15:41:20] Info: Validation of parameters: Success
[10/27/2022 15:41:20] Debug: Getting code descriptor
[10/27/2022 15:41:20] Debug: Code descriptor information
	Units: 3969
	Units type: LOC
	All file bytes: 157786
	All found extensions: .py
[10/27/2022 15:41:20] Debug: Calculating fingerprint
[10/27/2022 15:41:20] Debug: Fingerprint information Fingerprint(size=157786,projects=1)
[10/27/2022 15:41:20] Info: Starting to try to validate online license for execution
[10/27/2022 15:41:22] Debug: Getting license
[10/27/2022 15:41:22] Debug: License information
	Status: Failed
	Message: No active license available.
[10/27/2022 15:41:22] Debug: Starting the execution of the controller
[10/27/2022 15:41:23] Debug: Executing the worker: GenericScanner
[10/27/2022 15:41:24] Debug: Finished executing the worker: GenericScanner
[10/27/2022 15:41:25] Debug: Executing the worker: PythonSnowConvert
[10/27/2022 15:41:36] Debug: Finished executing the worker: PythonSnowConvert
[10/27/2022 15:41:37] Info: Controller execution ended
