[10/27/2022 17:01:55] Debug: Session id: cc58c3b4-f0cb-40b9-a0de-30d855acedb0
[10/27/2022 17:01:55] Debug: Code Processor information: Name :PythonSnowConvert, Version: 2.0.111.0
[10/27/2022 17:01:56] Debug: Getting license
[10/27/2022 17:01:56] Debug: License information
	Status: Failed
	Message: No active license available.
[10/27/2022 17:01:56] Info: Starting to validate parameters
[10/27/2022 17:01:56] Info: Parameters to validate: 
	Execution mode: Assessment
	ConfidentialMode: true
	LICENSE_KEY: f96ff23c-c728-48de-972b-951d799822b7
[10/27/2022 17:01:56] Info: Validation of parameters: Success
[10/27/2022 17:01:56] Debug: Getting code descriptor
[10/27/2022 17:01:56] Debug: Code descriptor information
	Units: 3969
	Units type: LOC
	All file bytes: 157786
	All found extensions: .py
[10/27/2022 17:01:56] Debug: Calculating fingerprint
[10/27/2022 17:01:56] Debug: Fingerprint information Fingerprint(size=157786,projects=1)
[10/27/2022 17:01:56] Info: Starting to try to validate online license for execution
[10/27/2022 17:01:59] Debug: Getting license
[10/27/2022 17:01:59] Debug: License information
	Status: Failed
	Message: No active license available.
[10/27/2022 17:01:59] Debug: Starting the execution of the controller
[10/27/2022 17:02:00] Debug: Executing the worker: GenericScanner
[10/27/2022 17:02:01] Debug: Finished executing the worker: GenericScanner
[10/27/2022 17:02:02] Debug: Executing the worker: PythonSnowConvert
[10/27/2022 17:02:14] Debug: Finished executing the worker: PythonSnowConvert
[10/27/2022 17:02:15] Info: Controller execution ended
