[12/22/2022 14:28:57] Debug: Session id: ccf5025e-ef77-45b3-b4f0-b86245780a14
[12/22/2022 14:28:57] Debug: Code Processor information: Name :SparkSnowConvert, Version: 1.0.109.0
[12/22/2022 14:28:59] Debug: Getting license
[12/22/2022 14:28:59] Debug: License information
	Status: Failed
	Message: No active license available.
[12/22/2022 14:28:59] Info: Starting to validate parameters
[12/22/2022 14:28:59] Info: Parameters to validate: 
	Execution mode: Assessment
	ConfidentialMode: true
	MatchByName: true
	LICENSE_KEY: 87b6de0f-a145-459e-a00b-2d00337dadef
[12/22/2022 14:28:59] Info: Validation of parameters: Success
[12/22/2022 14:28:59] Debug: Getting code descriptor
[12/22/2022 14:28:59] Debug: Code descriptor information
	Units: 3969
	Units type: LOC
	All file bytes: 157786
	All found extensions: .scala
[12/22/2022 14:28:59] Debug: Calculating fingerprint
[12/22/2022 14:28:59] Debug: Fingerprint information Fingerprint(size=157786,projects=1)
[12/22/2022 14:28:59] Info: Starting to try to validate online license for execution
[12/22/2022 14:29:01] Debug: Getting license
[12/22/2022 14:29:01] Debug: License information
	Status: Failed
	Message: No active license available.
[12/22/2022 14:29:01] Debug: Starting the execution of the controller
[12/22/2022 14:29:02] Debug: Executing the worker: GenericScanner
[12/22/2022 14:29:02] Debug: Finished executing the worker: GenericScanner
[12/22/2022 14:29:03] Debug: Executing the worker: SparkSnowConvert
[12/22/2022 14:29:13] Debug: Finished executing the worker: SparkSnowConvert
[12/22/2022 14:29:15] Info: Controller execution ended
