[10/27/2022 15:40:39] Debug: Session id: 316d926a-c6f1-4ff2-bf45-af6ce1bcec3d
[10/27/2022 15:40:39] Debug: Code Processor information: Name :PythonSnowConvert, Version: 2.0.111.0
[10/27/2022 15:40:39] Debug: Getting license
[10/27/2022 15:40:39] Debug: License information
	Status: Failed
	Message: No active license available.
[10/27/2022 15:40:39] Info: Starting to validate parameters
[10/27/2022 15:40:39] Info: Parameters to validate: 
	Execution mode: Assessment
	ConfidentialMode: true
	LICENSE_KEY: f96ff23c-c728-48de-972b-951d799822b7
[10/27/2022 15:40:39] Info: Validation of parameters: Success
[10/27/2022 15:40:39] Debug: Getting code descriptor
[10/27/2022 15:40:39] Debug: Code descriptor information
	Units: 3969
	Units type: LOC
	All file bytes: 157786
	All found extensions: .py
[10/27/2022 15:40:39] Debug: Calculating fingerprint
[10/27/2022 15:40:39] Debug: Fingerprint information Fingerprint(size=157786,projects=1)
[10/27/2022 15:40:39] Info: Starting to try to validate online license for execution
[10/27/2022 15:40:41] Debug: Getting license
[10/27/2022 15:40:41] Debug: License information
	Status: Failed
	Message: No active license available.
[10/27/2022 15:40:41] Debug: Starting the execution of the controller
[10/27/2022 15:40:42] Debug: Executing the worker: GenericScanner
[10/27/2022 15:40:43] Debug: Finished executing the worker: GenericScanner
[10/27/2022 15:40:44] Debug: Executing the worker: PythonSnowConvert
[10/27/2022 15:40:55] Debug: Finished executing the worker: PythonSnowConvert
[10/27/2022 15:40:56] Info: Controller execution ended
