[10/27/2022 16:10:03] Debug: Session id: 92512aba-9b79-4b74-b04e-e2e1b4644894
[10/27/2022 16:10:03] Debug: Code Processor information: Name :PythonSnowConvert, Version: 2.0.111.0
[10/27/2022 16:10:03] Debug: Getting license
[10/27/2022 16:10:03] Debug: License information
	Status: Failed
	Message: No active license available.
[10/27/2022 16:10:03] Info: Starting to validate parameters
[10/27/2022 16:10:03] Info: Parameters to validate: 
	Execution mode: Assessment
	ConfidentialMode: true
	LICENSE_KEY: f96ff23c-c728-48de-972b-951d799822b7
[10/27/2022 16:10:03] Info: Validation of parameters: Success
[10/27/2022 16:10:03] Debug: Getting code descriptor
[10/27/2022 16:10:03] Debug: Code descriptor information
	Units: 3969
	Units type: LOC
	All file bytes: 157786
	All found extensions: .py
[10/27/2022 16:10:03] Debug: Calculating fingerprint
[10/27/2022 16:10:03] Debug: Fingerprint information Fingerprint(size=157786,projects=1)
[10/27/2022 16:10:03] Info: Starting to try to validate online license for execution
[10/27/2022 16:10:05] Debug: Getting license
[10/27/2022 16:10:05] Debug: License information
	Status: Failed
	Message: No active license available.
[10/27/2022 16:10:05] Debug: Starting the execution of the controller
[10/27/2022 16:10:06] Debug: Executing the worker: GenericScanner
[10/27/2022 16:10:07] Debug: Finished executing the worker: GenericScanner
[10/27/2022 16:10:08] Debug: Executing the worker: PythonSnowConvert
[10/27/2022 16:10:20] Debug: Finished executing the worker: PythonSnowConvert
[10/27/2022 16:10:21] Info: Controller execution ended
