[10/27/2022 16:09:14] Debug: Session id: 1d03de93-6091-4f1c-aa5c-2ffef772de79
[10/27/2022 16:09:14] Debug: Execution id: d030fff3-231e-42d2-a955-501fe24bdd3b
[10/27/2022 16:09:14] Info: Starting to analyze the input path '/tmp/Repo-cefe2119-c415-44a0-87b9-d91b01c2a327/Sources'...
[10/27/2022 16:09:14] Info: Found 97 PYTHON files with a total size of 0.12MB
[10/27/2022 16:09:14] Info: Found 0 PYTHON files
[10/27/2022 16:09:14] Info: Found 16 TOTAL files with a total size of 31.42KB
[10/27/2022 16:09:14] Warning: Found 113 files to convert, the process might take several hours
[10/27/2022 16:09:15] Info: Starting the parsing process of 113 files with 0.15MB of code, this might take a while...
[10/27/2022 16:09:16] Info: EFProcess 638024837567617168 started
[10/27/2022 16:09:16] Debug: TaskParam customMapDirectoryPath = 
[10/27/2022 16:09:16] Debug: TaskParam mappingDictionaries = Mobilize.SparkCommon.TransformationCore.MappingDictionaries
[10/27/2022 16:09:16] Debug: TaskParam LoadMappingsTask.Enabled = True
[10/27/2022 16:09:16] Debug: TaskParam Repository = Value is not created.
[10/27/2022 16:09:16] Debug: TaskParam RepositoryDirectory = /tmp/Output-cefe2119-c415-44a0-87b9-d91b01c2a327/.mobilize/CommonEF
[10/27/2022 16:09:17] Info: Existing map for pyspark.sql.dataframe.DataFrame.groupBy to snowflake.snowpark.dataframe.DataFrame.group_by was found (snowflake.snowpark.dataframe.DataFrame.group_by from /app/python-snow-convert/Maps/functions.map was rejected).
[10/27/2022 16:09:17] Info: Existing map for pyspark.sql.dataframe.DataFrame.replace to snowflake.snowpark.dataframe.DataFrame.replace was found (snowflake.snowpark.dataframe.DataFrame.replace from /app/python-snow-convert/Maps/functions.map was rejected).
[10/27/2022 16:09:17] Info: Existing map for pyspark.sql.dataframe.DataFrame.replace to snowflake.snowpark.dataframe.DataFrame.replace was found (snowflake.snowpark.dataframe.DataFrame.replace from /app/python-snow-convert/Maps/functions.map was rejected).
[10/27/2022 16:09:17] Info: Existing map for pyspark.sql.dataframe.DataFrame.replace to snowflake.snowpark.dataframe.DataFrame.replace was found (snowflake.snowpark.dataframe.DataFrame.replace from /app/python-snow-convert/Maps/functions.map was rejected).
[10/27/2022 16:09:17] Info: Existing map for pyspark.sql.dataframe.DataFrame.selectExpr to snowflake.snowpark.dataframe.DataFrame.select_expr was found (snowflake.snowpark.dataframe.DataFrame.select_expr from /app/python-snow-convert/Maps/functions.map was rejected).
[10/27/2022 16:09:17] Info: Existing map for pyspark.sql.dataframe.DataFrameNaFunctions.fill to snowflake.snowpark.dataframe.DataFrameNaFunctions.fill was found (snowflake.snowpark.dataframe.DataFrameNaFunctions.fill from /app/python-snow-convert/Maps/functions.map was rejected).
[10/27/2022 16:09:17] Info: Existing map for pyspark.sql.dataframe.DataFrameNaFunctions.replace to snowflake.snowpark.dataframe.DataFrameNaFunctions.replace was found (snowflake.snowpark.dataframe.DataFrameNaFunctions.replace from /app/python-snow-convert/Maps/functions.map was rejected).
[10/27/2022 16:09:17] Info: Existing map for pyspark.sql.dataframe.DataFrameNaFunctions.replace to snowflake.snowpark.dataframe.DataFrameNaFunctions.replace was found (snowflake.snowpark.dataframe.DataFrameNaFunctions.replace from /app/python-snow-convert/Maps/functions.map was rejected).
[10/27/2022 16:09:17] Info: Existing map for pyspark.sql.dataframe.DataFrameNaFunctions.replace to snowflake.snowpark.dataframe.DataFrameNaFunctions.replace was found (snowflake.snowpark.dataframe.DataFrameNaFunctions.replace from /app/python-snow-convert/Maps/functions.map was rejected).
[10/27/2022 16:09:17] Info: Existing map for pyspark.sql.functions.to_timestamp to snowflake.snowpark.functions.to_timestamp was found (snowflake.snowpark.functions.to_timestamp from /app/python-snow-convert/Maps/functions.map was rejected).
[10/27/2022 16:09:17] Info: Existing map for pyspark.sql.functions.trim to snowflake.snowpark.functions.trim was found (snowflake.snowpark.functions.trim from /app/python-snow-convert/Maps/functions.map was rejected).
[10/27/2022 16:09:17] Info: Existing map for pyspark.sql.session.SparkSession.createDataFrame to snowflake.snowpark.session.Session.create_dataframe was found (snowflake.snowpark.session.Session.create_dataframe from /app/python-snow-convert/Maps/functions.map was rejected).
[10/27/2022 16:09:17] Debug: TaskParam parsedFilesCount = 0
[10/27/2022 16:09:17] Debug: TaskParam parsingProgressDescriptor = Mobilize.Common.Utils.Progress.SingleProgressDescriptor
[10/27/2022 16:09:17] Debug: TaskParam processingProgressDescriptor = Mobilize.Common.Utils.Progress.SingleProgressDescriptor
[10/27/2022 16:09:17] Debug: TaskParam transformationVisitors = Value is not created.
[10/27/2022 16:09:17] Debug: TaskParam ConversionBeginTask.Input = /tmp/Repo-cefe2119-c415-44a0-87b9-d91b01c2a327/Sources/input.wsp
[10/27/2022 16:09:17] Debug: TaskParam workingSet = Value is not created.
[10/27/2022 16:09:17] Debug: TaskParam ConversionBeginTask.ItemMedatada = Artinsoft.Common.Store.ItemMetadata
[10/27/2022 16:09:17] Debug: TaskParam ConversionBeginTask.Enabled = True
[10/27/2022 16:09:17] Debug: TaskParam Repository = Value is not created.
[10/27/2022 16:09:17] Debug: TaskParam RepositoryDirectory = /tmp/Output-cefe2119-c415-44a0-87b9-d91b01c2a327/.mobilize/CommonEF
[10/27/2022 16:09:17] Info: Step 2/8 - Loading Code: STARTED
[10/27/2022 16:09:20] Info: Step 2/8 - Loading Code: COMPLETED
[10/27/2022 16:09:20] Debug: TaskParam inputPath = /tmp/Repo-cefe2119-c415-44a0-87b9-d91b01c2a327/Sources
[10/27/2022 16:09:20] Debug: TaskParam outputPath = /tmp/Output-cefe2119-c415-44a0-87b9-d91b01c2a327/Output/PythonSnowConvert
[10/27/2022 16:09:20] Debug: TaskParam ExecutionModeValue = Assessment
[10/27/2022 16:09:20] Debug: TaskParam codeModelWriter = Mobilize.Common.AssessmentModel.Writer.CodeModelWriter
[10/27/2022 16:09:20] Debug: TaskParam ParsingErrorsTask.Input = /tmp/Repo-cefe2119-c415-44a0-87b9-d91b01c2a327/Sources/input.wsp
[10/27/2022 16:09:20] Debug: TaskParam workingSet = Artinsoft.Common.Store.RepositoryWorkingSet`2[System.String,Artinsoft.Common.Store.IItemContainer]
[10/27/2022 16:09:20] Debug: TaskParam ParsingErrorsTask.ItemMedatada = Artinsoft.Common.Store.ItemMetadata
[10/27/2022 16:09:20] Debug: TaskParam ParsingErrorsTask.Enabled = True
[10/27/2022 16:09:20] Debug: TaskParam Repository = Artinsoft.Common.Store.Repository
[10/27/2022 16:09:20] Debug: TaskParam RepositoryDirectory = /tmp/Output-cefe2119-c415-44a0-87b9-d91b01c2a327/.mobilize/CommonEF
[10/27/2022 16:09:20] Debug: TaskParam transformationVisitors = Value is not created.
[10/27/2022 16:09:20] Debug: TaskParam inputPath = /tmp/Repo-cefe2119-c415-44a0-87b9-d91b01c2a327/Sources
[10/27/2022 16:09:20] Debug: TaskParam SymbolTablePhase1Task.Input = /tmp/Repo-cefe2119-c415-44a0-87b9-d91b01c2a327/Sources/input.wsp
[10/27/2022 16:09:20] Debug: TaskParam workingSet = Artinsoft.Common.Store.RepositoryWorkingSet`2[System.String,Artinsoft.Common.Store.IItemContainer]
[10/27/2022 16:09:20] Debug: TaskParam SymbolTablePhase1Task.ItemMedatada = Artinsoft.Common.Store.ItemMetadata
[10/27/2022 16:09:20] Debug: TaskParam SymbolTablePhase1Task.Enabled = True
[10/27/2022 16:09:20] Debug: TaskParam Repository = Artinsoft.Common.Store.Repository
[10/27/2022 16:09:20] Debug: TaskParam RepositoryDirectory = /tmp/Output-cefe2119-c415-44a0-87b9-d91b01c2a327/.mobilize/CommonEF
[10/27/2022 16:09:20] Info: Step 4/8 - Symbol Table Phase 1: STARTED
[10/27/2022 16:09:24] Debug: Processing File: /tmp/Repo-cefe2119-c415-44a0-87b9-d91b01c2a327/Sources/QT_Python/pyspark-cast-column.py
[10/27/2022 16:09:24] Debug: Processing File: /tmp/Repo-cefe2119-c415-44a0-87b9-d91b01c2a327/Sources/QT_Python/pyspark-partitionby.py
[10/27/2022 16:09:24] Debug: Processing File: /tmp/Repo-cefe2119-c415-44a0-87b9-d91b01c2a327/Sources/QT_Python/pyspark-create-dataframe.py
[10/27/2022 16:09:24] Debug: Processing File: /tmp/Repo-cefe2119-c415-44a0-87b9-d91b01c2a327/Sources/QT_Python/pandas-pyspark-dataframe.py
[10/27/2022 16:09:24] Debug: Processing File: /tmp/Repo-cefe2119-c415-44a0-87b9-d91b01c2a327/Sources/QT_Python/pyspark-repartition-2.py
[10/27/2022 16:09:24] Debug: Processing File: /tmp/Repo-cefe2119-c415-44a0-87b9-d91b01c2a327/Sources/QT_Python/pyspark-dataframe-flatMap.py
[10/27/2022 16:09:24] Debug: Processing File: /tmp/Repo-cefe2119-c415-44a0-87b9-d91b01c2a327/Sources/QT_Python/pyspark-left-anti-join.py
[10/27/2022 16:09:24] Debug: Processing File: /tmp/Repo-cefe2119-c415-44a0-87b9-d91b01c2a327/Sources/QT_Python/pyspark-maptype-dataframe-column.py
[10/27/2022 16:09:24] Debug: Processing File: /tmp/Repo-cefe2119-c415-44a0-87b9-d91b01c2a327/Sources/QT_Python/pyspark-explode-nested-array.py
[10/27/2022 16:09:24] Debug: Processing File: /tmp/Repo-cefe2119-c415-44a0-87b9-d91b01c2a327/Sources/QT_Python/pyspark-rdd-flatMap.py
[10/27/2022 16:09:24] Debug: Processing File: /tmp/Repo-cefe2119-c415-44a0-87b9-d91b01c2a327/Sources/QT_Python/pyspark-convert_columns-to-map.py
[10/27/2022 16:09:24] Debug: Processing File: /tmp/Repo-cefe2119-c415-44a0-87b9-d91b01c2a327/Sources/QT_Python/pyspark-change-string-double.py
[10/27/2022 16:09:24] Debug: Processing File: /tmp/Repo-cefe2119-c415-44a0-87b9-d91b01c2a327/Sources/QT_Python/pyspark-drop-null.py
[10/27/2022 16:09:24] Debug: Processing File: /tmp/Repo-cefe2119-c415-44a0-87b9-d91b01c2a327/Sources/QT_Python/spark-repartition-2.py
[10/27/2022 16:09:24] Debug: Processing File: /tmp/Repo-cefe2119-c415-44a0-87b9-d91b01c2a327/Sources/QT_Python/pyspark-current-date-timestamp.py
[10/27/2022 16:09:24] Debug: Processing File: /tmp/Repo-cefe2119-c415-44a0-87b9-d91b01c2a327/Sources/QT_Python/pyspark-create-list.py
[10/27/2022 16:09:24] Debug: Processing File: /tmp/Repo-cefe2119-c415-44a0-87b9-d91b01c2a327/Sources/QT_Python/pyspark-split-function.py
[10/27/2022 16:09:24] Debug: Processing File: /tmp/Repo-cefe2119-c415-44a0-87b9-d91b01c2a327/Sources/QT_Python/pyspark-add-new-column.py
[10/27/2022 16:09:24] Debug: Processing File: /tmp/Repo-cefe2119-c415-44a0-87b9-d91b01c2a327/Sources/QT_Python/pyspark-udf.py
[10/27/2022 16:09:24] Debug: Processing File: /tmp/Repo-cefe2119-c415-44a0-87b9-d91b01c2a327/Sources/QT_Python/pyspark-rdd-reduceByKey.py
[10/27/2022 16:09:24] Debug: Processing File: /tmp/Repo-cefe2119-c415-44a0-87b9-d91b01c2a327/Sources/QT_Python/pyspark-datediff.py
[10/27/2022 16:09:24] Debug: Processing File: /tmp/Repo-cefe2119-c415-44a0-87b9-d91b01c2a327/Sources/QT_Python/pyspark-count-distinct.py
[10/27/2022 16:09:24] Debug: Processing File: /tmp/Repo-cefe2119-c415-44a0-87b9-d91b01c2a327/Sources/QT_Python/pyspark-row.py
[10/27/2022 16:09:24] Debug: Processing File: /tmp/Repo-cefe2119-c415-44a0-87b9-d91b01c2a327/Sources/QT_Python/pyspark-read-json.py
[10/27/2022 16:09:24] Debug: Processing File: /tmp/Repo-cefe2119-c415-44a0-87b9-d91b01c2a327/Sources/QT_Python/pyspark-string-date.py
[10/27/2022 16:09:24] Debug: Processing File: /tmp/Repo-cefe2119-c415-44a0-87b9-d91b01c2a327/Sources/QT_Python/pyspark-read-csv.py
[10/27/2022 16:09:24] Debug: Processing File: /tmp/Repo-cefe2119-c415-44a0-87b9-d91b01c2a327/Sources/QT_Python/pyspark-repace-null.py
[10/27/2022 16:09:24] Debug: Processing File: /tmp/Repo-cefe2119-c415-44a0-87b9-d91b01c2a327/Sources/QT_Python/pyspark-groupby.py
[10/27/2022 16:09:24] Debug: Processing File: /tmp/Repo-cefe2119-c415-44a0-87b9-d91b01c2a327/Sources/QT_Python/pyspark-groupby-sort.py
[10/27/2022 16:09:24] Debug: Processing File: /tmp/Repo-cefe2119-c415-44a0-87b9-d91b01c2a327/Sources/QT_Python/pyspark-pivot.py
[10/27/2022 16:09:24] Debug: Processing File: /tmp/Repo-cefe2119-c415-44a0-87b9-d91b01c2a327/Sources/QT_Python/pyspark-arraytype.py
[10/27/2022 16:09:24] Debug: Processing File: /tmp/Repo-cefe2119-c415-44a0-87b9-d91b01c2a327/Sources/QT_Python/pyspark-fulter-null.py
[10/27/2022 16:09:24] Debug: Processing File: /tmp/Repo-cefe2119-c415-44a0-87b9-d91b01c2a327/Sources/QT_Python/pyspark-column-operations.py
[10/27/2022 16:09:24] Debug: Processing File: /tmp/Repo-cefe2119-c415-44a0-87b9-d91b01c2a327/Sources/QT_Python/pyspark-sparksession.py
[10/27/2022 16:09:24] Debug: Processing File: /tmp/Repo-cefe2119-c415-44a0-87b9-d91b01c2a327/Sources/QT_Python/pyspark-orderby-groupby.py
[10/27/2022 16:09:24] Debug: Processing File: /tmp/Repo-cefe2119-c415-44a0-87b9-d91b01c2a327/Sources/QT_Python/currentdate.py
[10/27/2022 16:09:24] Debug: Processing File: /tmp/Repo-cefe2119-c415-44a0-87b9-d91b01c2a327/Sources/QT_Python/pyspark-structtype.py
[10/27/2022 16:09:24] Debug: Processing File: /tmp/Repo-cefe2119-c415-44a0-87b9-d91b01c2a327/Sources/QT_Python/pyspark-loop.py
[10/27/2022 16:09:24] Debug: Processing File: /tmp/Repo-cefe2119-c415-44a0-87b9-d91b01c2a327/Sources/QT_Python/pyspark-timestamp-date.py
[10/27/2022 16:09:24] Debug: Processing File: /tmp/Repo-cefe2119-c415-44a0-87b9-d91b01c2a327/Sources/QT_Python/pyspark-aggregate.py
[10/27/2022 16:09:24] Debug: Processing File: /tmp/Repo-cefe2119-c415-44a0-87b9-d91b01c2a327/Sources/QT_Python/pyspark-drop-column.py
[10/27/2022 16:09:24] Debug: Processing File: /tmp/Repo-cefe2119-c415-44a0-87b9-d91b01c2a327/Sources/QT_Python/pyspark-column-functions.py
[10/27/2022 16:09:24] Debug: Processing File: /tmp/Repo-cefe2119-c415-44a0-87b9-d91b01c2a327/Sources/QT_Python/pyspark-expr.py
[10/27/2022 16:09:24] Debug: Processing File: /tmp/Repo-cefe2119-c415-44a0-87b9-d91b01c2a327/Sources/QT_Python/pyspark-when-otherwise.py
[10/27/2022 16:09:24] Debug: Processing File: /tmp/Repo-cefe2119-c415-44a0-87b9-d91b01c2a327/Sources/QT_Python/timediff.py
[10/27/2022 16:09:24] Debug: Processing File: /tmp/Repo-cefe2119-c415-44a0-87b9-d91b01c2a327/Sources/QT_Python/pyspark-string-timestamp.py
[10/27/2022 16:09:24] Debug: Processing File: /tmp/Repo-cefe2119-c415-44a0-87b9-d91b01c2a327/Sources/QT_Python/pyspark-filter2.py
[10/27/2022 16:09:24] Debug: Processing File: /tmp/Repo-cefe2119-c415-44a0-87b9-d91b01c2a327/Sources/QT_Python/pyspark-unix-time.py
[10/27/2022 16:09:24] Debug: Processing File: /tmp/Repo-cefe2119-c415-44a0-87b9-d91b01c2a327/Sources/QT_Python/pyspark-python-dataframe.py
[10/27/2022 16:09:24] Debug: Processing File: /tmp/Repo-cefe2119-c415-44a0-87b9-d91b01c2a327/Sources/QT_Python/pyspark-join-two-dataframes.py
[10/27/2022 16:09:24] Debug: Processing File: /tmp/Repo-cefe2119-c415-44a0-87b9-d91b01c2a327/Sources/QT_Python/pyspark-filter.py
[10/27/2022 16:09:24] Debug: Processing File: /tmp/Repo-cefe2119-c415-44a0-87b9-d91b01c2a327/Sources/QT_Python/pyspark-filter-null.py
[10/27/2022 16:09:24] Debug: Processing File: /tmp/Repo-cefe2119-c415-44a0-87b9-d91b01c2a327/Sources/QT_Python/pyspark-date-string.py
[10/27/2022 16:09:24] Debug: Processing File: /tmp/Repo-cefe2119-c415-44a0-87b9-d91b01c2a327/Sources/QT_Python/pyspark-create-dataframe-dictionary.py
[10/27/2022 16:09:24] Debug: Processing File: /tmp/Repo-cefe2119-c415-44a0-87b9-d91b01c2a327/Sources/QT_Python/pyspark-dataframe-repartition.py
[10/27/2022 16:09:24] Debug: Processing File: /tmp/Repo-cefe2119-c415-44a0-87b9-d91b01c2a327/Sources/QT_Python/pyspark-struct-to-map.py
[10/27/2022 16:09:24] Debug: Processing File: /tmp/Repo-cefe2119-c415-44a0-87b9-d91b01c2a327/Sources/QT_Python/pyspark-repartition.py
[10/27/2022 16:09:24] Debug: Processing File: /tmp/Repo-cefe2119-c415-44a0-87b9-d91b01c2a327/Sources/QT_Python/pyspark-union.py
[10/27/2022 16:09:24] Debug: Processing File: /tmp/Repo-cefe2119-c415-44a0-87b9-d91b01c2a327/Sources/QT_Python/pyspark-sampling.py
[10/27/2022 16:09:24] Debug: Processing File: /tmp/Repo-cefe2119-c415-44a0-87b9-d91b01c2a327/Sources/QT_Python/pyspark-string-to-array.py
[10/27/2022 16:09:24] Debug: Processing File: /tmp/Repo-cefe2119-c415-44a0-87b9-d91b01c2a327/Sources/QT_Python/pyspark-shape-dataframe.py
[10/27/2022 16:09:24] Debug: Processing File: /tmp/Repo-cefe2119-c415-44a0-87b9-d91b01c2a327/Sources/QT_Python/pyspark-join.py
[10/27/2022 16:09:24] Debug: Processing File: /tmp/Repo-cefe2119-c415-44a0-87b9-d91b01c2a327/Sources/QT_Python/pyspark-rdd-actions.py
[10/27/2022 16:09:24] Debug: Processing File: /tmp/Repo-cefe2119-c415-44a0-87b9-d91b01c2a327/Sources/QT_Python/pyspark-orderby.py
[10/27/2022 16:09:24] Debug: Processing File: /tmp/Repo-cefe2119-c415-44a0-87b9-d91b01c2a327/Sources/QT_Python/pyspark-sql-case-when.py
[10/27/2022 16:09:24] Debug: Processing File: /tmp/Repo-cefe2119-c415-44a0-87b9-d91b01c2a327/Sources/QT_Python/pyspark-empty-data-frame.py
[10/27/2022 16:09:24] Debug: Processing File: /tmp/Repo-cefe2119-c415-44a0-87b9-d91b01c2a327/Sources/QT_Python/pyspark-array-string.py
[10/27/2022 16:09:24] Debug: Processing File: /tmp/Repo-cefe2119-c415-44a0-87b9-d91b01c2a327/Sources/QT_Python/pyspark-rdd-broadcast.py
[10/27/2022 16:09:24] Debug: Processing File: /tmp/Repo-cefe2119-c415-44a0-87b9-d91b01c2a327/Sources/QT_Python/pyspark-window-functions.py
[10/27/2022 16:09:24] Debug: Processing File: /tmp/Repo-cefe2119-c415-44a0-87b9-d91b01c2a327/Sources/QT_Python/pyspark-types.py
[10/27/2022 16:09:24] Debug: Processing File: /tmp/Repo-cefe2119-c415-44a0-87b9-d91b01c2a327/Sources/QT_Python/pyspark-broadcast-dataframe.py
[10/27/2022 16:09:24] Debug: Processing File: /tmp/Repo-cefe2119-c415-44a0-87b9-d91b01c2a327/Sources/QT_Python/python-pandas.py
[10/27/2022 16:09:24] Debug: Processing File: /tmp/Repo-cefe2119-c415-44a0-87b9-d91b01c2a327/Sources/QT_Python/pyspark-print-contents.py
[10/27/2022 16:09:24] Debug: Processing File: /tmp/Repo-cefe2119-c415-44a0-87b9-d91b01c2a327/Sources/QT_Python/pyspark-mappartitions.py
[10/27/2022 16:09:24] Debug: Processing File: /tmp/Repo-cefe2119-c415-44a0-87b9-d91b01c2a327/Sources/QT_Python/pyspark-parallelize.py
[10/27/2022 16:09:24] Debug: Processing File: /tmp/Repo-cefe2119-c415-44a0-87b9-d91b01c2a327/Sources/QT_Python/convert-column-python-list.py
[10/27/2022 16:09:24] Debug: Processing File: /tmp/Repo-cefe2119-c415-44a0-87b9-d91b01c2a327/Sources/QT_Python/schema.py
[10/27/2022 16:09:24] Debug: Processing File: /tmp/Repo-cefe2119-c415-44a0-87b9-d91b01c2a327/Sources/QT_Python/pyspark-dataframe.py
[10/27/2022 16:09:24] Debug: Processing File: /tmp/Repo-cefe2119-c415-44a0-87b9-d91b01c2a327/Sources/QT_Python/pyspark-select-columns.py
[10/27/2022 16:09:24] Debug: Processing File: /tmp/Repo-cefe2119-c415-44a0-87b9-d91b01c2a327/Sources/QT_Python/pyspark-convert-map-to-columns.py
[10/27/2022 16:09:24] Debug: Processing File: /tmp/Repo-cefe2119-c415-44a0-87b9-d91b01c2a327/Sources/QT_Python/pyspark-add-month.py
[10/27/2022 16:09:24] Debug: Processing File: /tmp/Repo-cefe2119-c415-44a0-87b9-d91b01c2a327/Sources/QT_Python/pyspark-explode-array-map.py
[10/27/2022 16:09:24] Debug: Processing File: /tmp/Repo-cefe2119-c415-44a0-87b9-d91b01c2a327/Sources/QT_Python/pyspark-lit.py
[10/27/2022 16:09:24] Debug: Processing File: /tmp/Repo-cefe2119-c415-44a0-87b9-d91b01c2a327/Sources/QT_Python/pyspark-rdd-wordcount-2.py
[10/27/2022 16:09:24] Debug: Processing File: /tmp/Repo-cefe2119-c415-44a0-87b9-d91b01c2a327/Sources/QT_Python/pyspark-show-top-n-rows.py
[10/27/2022 16:09:24] Debug: Processing File: /tmp/Repo-cefe2119-c415-44a0-87b9-d91b01c2a327/Sources/QT_Python/pyspark-time-diff.py
[10/27/2022 16:09:24] Debug: Processing File: /tmp/Repo-cefe2119-c415-44a0-87b9-d91b01c2a327/Sources/QT_Python/pyspark-distinct.py
[10/27/2022 16:09:24] Debug: Processing File: /tmp/Repo-cefe2119-c415-44a0-87b9-d91b01c2a327/Sources/QT_Python/pyspark-rdd-to-dataframe.py
[10/27/2022 16:09:24] Debug: Processing File: /tmp/Repo-cefe2119-c415-44a0-87b9-d91b01c2a327/Sources/QT_Python/pyspark-rdd-map.py
[10/27/2022 16:09:24] Debug: Processing File: /tmp/Repo-cefe2119-c415-44a0-87b9-d91b01c2a327/Sources/QT_Python/pyspark-rename-column.py
[10/27/2022 16:09:24] Debug: Processing File: /tmp/Repo-cefe2119-c415-44a0-87b9-d91b01c2a327/Sources/QT_Python/pyspark-rdd-wordcount.py
[10/27/2022 16:09:24] Debug: Processing File: /tmp/Repo-cefe2119-c415-44a0-87b9-d91b01c2a327/Sources/QT_Python/pyspark-range-partition.py
[10/27/2022 16:09:24] Debug: Processing File: /tmp/Repo-cefe2119-c415-44a0-87b9-d91b01c2a327/Sources/QT_Python/pyspark-rdd.py
[10/27/2022 16:09:24] Debug: Processing File: /tmp/Repo-cefe2119-c415-44a0-87b9-d91b01c2a327/Sources/QT_Python/pyspark-date-timestamp-functions.py
[10/27/2022 16:09:24] Debug: Processing File: /tmp/Repo-cefe2119-c415-44a0-87b9-d91b01c2a327/Sources/QT_Python/pyspark-collect.py
[10/27/2022 16:09:24] Debug: Processing File: /tmp/Repo-cefe2119-c415-44a0-87b9-d91b01c2a327/Sources/QT_Python/pyspark-update-column.py
[10/27/2022 16:09:24] Debug: Processing File: /tmp/Repo-cefe2119-c415-44a0-87b9-d91b01c2a327/Sources/QT_Python/pyspark-withcolumn.py
[10/27/2022 16:09:24] Info: Step 4/8 - Symbol Table Phase 1: COMPLETED
[10/27/2022 16:09:24] Debug: TaskParam rootOutputPath = /tmp/Output-cefe2119-c415-44a0-87b9-d91b01c2a327
[10/27/2022 16:09:24] Debug: TaskParam shouldGenerateDump = False
[10/27/2022 16:09:24] Debug: TaskParam symbolTable = Mobilize.Python.SymbolTable.PySymbolTable
[10/27/2022 16:09:24] Debug: TaskParam symbolTableLoaderContext = Mobilize.Python.SymbolTable.PyLoaderContext
[10/27/2022 16:09:24] Debug: TaskParam transformationVisitors = Artinsoft.Common.Tools.Transform.TransformationVisitors
[10/27/2022 16:09:24] Debug: TaskParam inputPath = /tmp/Repo-cefe2119-c415-44a0-87b9-d91b01c2a327/Sources
[10/27/2022 16:09:24] Debug: TaskParam SymbolTablePhase2Task.Input = /tmp/Repo-cefe2119-c415-44a0-87b9-d91b01c2a327/Sources/input.wsp
[10/27/2022 16:09:24] Debug: TaskParam workingSet = Artinsoft.Common.Store.RepositoryWorkingSet`2[System.String,Artinsoft.Common.Store.IItemContainer]
[10/27/2022 16:09:24] Debug: TaskParam SymbolTablePhase2Task.ItemMedatada = Artinsoft.Common.Store.ItemMetadata
[10/27/2022 16:09:24] Debug: TaskParam SymbolTablePhase2Task.Enabled = True
[10/27/2022 16:09:24] Debug: TaskParam Repository = Artinsoft.Common.Store.Repository
[10/27/2022 16:09:24] Debug: TaskParam RepositoryDirectory = /tmp/Output-cefe2119-c415-44a0-87b9-d91b01c2a327/.mobilize/CommonEF
[10/27/2022 16:09:24] Info: Step 5/8 - Symbol Table Phase 2: STARTED
[10/27/2022 16:09:24] Debug: Processing File: /tmp/Repo-cefe2119-c415-44a0-87b9-d91b01c2a327/Sources/QT_Python/pyspark-partitionby.py
[10/27/2022 16:09:24] Debug: Processing File: /tmp/Repo-cefe2119-c415-44a0-87b9-d91b01c2a327/Sources/QT_Python/pyspark-dataframe-flatMap.py
[10/27/2022 16:09:24] Debug: Processing File: /tmp/Repo-cefe2119-c415-44a0-87b9-d91b01c2a327/Sources/QT_Python/pyspark-create-dataframe.py
[10/27/2022 16:09:24] Debug: Processing File: /tmp/Repo-cefe2119-c415-44a0-87b9-d91b01c2a327/Sources/QT_Python/pandas-pyspark-dataframe.py
[10/27/2022 16:09:24] Debug: Processing File: /tmp/Repo-cefe2119-c415-44a0-87b9-d91b01c2a327/Sources/QT_Python/pyspark-repartition-2.py
[10/27/2022 16:09:24] Debug: Processing File: /tmp/Repo-cefe2119-c415-44a0-87b9-d91b01c2a327/Sources/QT_Python/pyspark-cast-column.py
[10/27/2022 16:09:24] Debug: Processing File: /tmp/Repo-cefe2119-c415-44a0-87b9-d91b01c2a327/Sources/QT_Python/pyspark-maptype-dataframe-column.py
[10/27/2022 16:09:24] Debug: Processing File: /tmp/Repo-cefe2119-c415-44a0-87b9-d91b01c2a327/Sources/QT_Python/pyspark-explode-nested-array.py
[10/27/2022 16:09:24] Debug: Processing File: /tmp/Repo-cefe2119-c415-44a0-87b9-d91b01c2a327/Sources/QT_Python/pyspark-rdd-flatMap.py
[10/27/2022 16:09:24] Debug: Processing File: /tmp/Repo-cefe2119-c415-44a0-87b9-d91b01c2a327/Sources/QT_Python/pyspark-convert_columns-to-map.py
[10/27/2022 16:09:24] Debug: Processing File: /tmp/Repo-cefe2119-c415-44a0-87b9-d91b01c2a327/Sources/QT_Python/pyspark-change-string-double.py
[10/27/2022 16:09:24] Debug: Processing File: /tmp/Repo-cefe2119-c415-44a0-87b9-d91b01c2a327/Sources/QT_Python/pyspark-drop-null.py
[10/27/2022 16:09:24] Debug: Processing File: /tmp/Repo-cefe2119-c415-44a0-87b9-d91b01c2a327/Sources/QT_Python/spark-repartition-2.py
[10/27/2022 16:09:24] Debug: Processing File: /tmp/Repo-cefe2119-c415-44a0-87b9-d91b01c2a327/Sources/QT_Python/pyspark-create-list.py
[10/27/2022 16:09:24] Debug: Processing File: /tmp/Repo-cefe2119-c415-44a0-87b9-d91b01c2a327/Sources/QT_Python/pyspark-current-date-timestamp.py
[10/27/2022 16:09:24] Debug: Processing File: /tmp/Repo-cefe2119-c415-44a0-87b9-d91b01c2a327/Sources/QT_Python/pyspark-split-function.py
[10/27/2022 16:09:24] Debug: Processing File: /tmp/Repo-cefe2119-c415-44a0-87b9-d91b01c2a327/Sources/QT_Python/pyspark-add-new-column.py
[10/27/2022 16:09:24] Debug: Processing File: /tmp/Repo-cefe2119-c415-44a0-87b9-d91b01c2a327/Sources/QT_Python/pyspark-udf.py
[10/27/2022 16:09:24] Debug: Processing File: /tmp/Repo-cefe2119-c415-44a0-87b9-d91b01c2a327/Sources/QT_Python/pyspark-left-anti-join.py
[10/27/2022 16:09:24] Debug: Processing File: /tmp/Repo-cefe2119-c415-44a0-87b9-d91b01c2a327/Sources/QT_Python/pyspark-rdd-reduceByKey.py
[10/27/2022 16:09:24] Debug: Processing File: /tmp/Repo-cefe2119-c415-44a0-87b9-d91b01c2a327/Sources/QT_Python/pyspark-count-distinct.py
[10/27/2022 16:09:24] Debug: Processing File: /tmp/Repo-cefe2119-c415-44a0-87b9-d91b01c2a327/Sources/QT_Python/pyspark-row.py
[10/27/2022 16:09:24] Debug: Processing File: /tmp/Repo-cefe2119-c415-44a0-87b9-d91b01c2a327/Sources/QT_Python/pyspark-read-json.py
[10/27/2022 16:09:24] Debug: Processing File: /tmp/Repo-cefe2119-c415-44a0-87b9-d91b01c2a327/Sources/QT_Python/pyspark-datediff.py
[10/27/2022 16:09:24] Debug: Processing File: /tmp/Repo-cefe2119-c415-44a0-87b9-d91b01c2a327/Sources/QT_Python/pyspark-read-csv.py
[10/27/2022 16:09:24] Debug: Processing File: /tmp/Repo-cefe2119-c415-44a0-87b9-d91b01c2a327/Sources/QT_Python/pyspark-repace-null.py
[10/27/2022 16:09:24] Debug: Processing File: /tmp/Repo-cefe2119-c415-44a0-87b9-d91b01c2a327/Sources/QT_Python/pyspark-groupby.py
[10/27/2022 16:09:24] Debug: Processing File: /tmp/Repo-cefe2119-c415-44a0-87b9-d91b01c2a327/Sources/QT_Python/pyspark-groupby-sort.py
[10/27/2022 16:09:24] Debug: Processing File: /tmp/Repo-cefe2119-c415-44a0-87b9-d91b01c2a327/Sources/QT_Python/pyspark-pivot.py
[10/27/2022 16:09:24] Debug: Processing File: /tmp/Repo-cefe2119-c415-44a0-87b9-d91b01c2a327/Sources/QT_Python/pyspark-arraytype.py
[10/27/2022 16:09:24] Debug: Processing File: /tmp/Repo-cefe2119-c415-44a0-87b9-d91b01c2a327/Sources/QT_Python/pyspark-column-operations.py
[10/27/2022 16:09:24] Debug: Processing File: /tmp/Repo-cefe2119-c415-44a0-87b9-d91b01c2a327/Sources/QT_Python/pyspark-fulter-null.py
[10/27/2022 16:09:24] Debug: Processing File: /tmp/Repo-cefe2119-c415-44a0-87b9-d91b01c2a327/Sources/QT_Python/pyspark-sparksession.py
[10/27/2022 16:09:24] Debug: Processing File: /tmp/Repo-cefe2119-c415-44a0-87b9-d91b01c2a327/Sources/QT_Python/pyspark-string-date.py
[10/27/2022 16:09:24] Debug: Processing File: /tmp/Repo-cefe2119-c415-44a0-87b9-d91b01c2a327/Sources/QT_Python/currentdate.py
[10/27/2022 16:09:24] Debug: Processing File: /tmp/Repo-cefe2119-c415-44a0-87b9-d91b01c2a327/Sources/QT_Python/pyspark-structtype.py
[10/27/2022 16:09:24] Debug: Processing File: /tmp/Repo-cefe2119-c415-44a0-87b9-d91b01c2a327/Sources/QT_Python/pyspark-loop.py
[10/27/2022 16:09:24] Debug: Processing File: /tmp/Repo-cefe2119-c415-44a0-87b9-d91b01c2a327/Sources/QT_Python/pyspark-timestamp-date.py
[10/27/2022 16:09:24] Debug: Processing File: /tmp/Repo-cefe2119-c415-44a0-87b9-d91b01c2a327/Sources/QT_Python/pyspark-aggregate.py
[10/27/2022 16:09:24] Debug: Processing File: /tmp/Repo-cefe2119-c415-44a0-87b9-d91b01c2a327/Sources/QT_Python/pyspark-orderby-groupby.py
[10/27/2022 16:09:24] Debug: Processing File: /tmp/Repo-cefe2119-c415-44a0-87b9-d91b01c2a327/Sources/QT_Python/pyspark-drop-column.py
[10/27/2022 16:09:24] Debug: Processing File: /tmp/Repo-cefe2119-c415-44a0-87b9-d91b01c2a327/Sources/QT_Python/pyspark-expr.py
[10/27/2022 16:09:24] Debug: Processing File: /tmp/Repo-cefe2119-c415-44a0-87b9-d91b01c2a327/Sources/QT_Python/pyspark-when-otherwise.py
[10/27/2022 16:09:24] Debug: Processing File: /tmp/Repo-cefe2119-c415-44a0-87b9-d91b01c2a327/Sources/QT_Python/timediff.py
[10/27/2022 16:09:24] Debug: Processing File: /tmp/Repo-cefe2119-c415-44a0-87b9-d91b01c2a327/Sources/QT_Python/pyspark-string-timestamp.py
[10/27/2022 16:09:24] Debug: Processing File: /tmp/Repo-cefe2119-c415-44a0-87b9-d91b01c2a327/Sources/QT_Python/pyspark-unix-time.py
[10/27/2022 16:09:24] Debug: Processing File: /tmp/Repo-cefe2119-c415-44a0-87b9-d91b01c2a327/Sources/QT_Python/pyspark-filter2.py
[10/27/2022 16:09:24] Debug: Processing File: /tmp/Repo-cefe2119-c415-44a0-87b9-d91b01c2a327/Sources/QT_Python/pyspark-python-dataframe.py
[10/27/2022 16:09:24] Debug: Processing File: /tmp/Repo-cefe2119-c415-44a0-87b9-d91b01c2a327/Sources/QT_Python/pyspark-join-two-dataframes.py
[10/27/2022 16:09:24] Debug: Processing File: /tmp/Repo-cefe2119-c415-44a0-87b9-d91b01c2a327/Sources/QT_Python/pyspark-filter.py
[10/27/2022 16:09:24] Debug: Processing File: /tmp/Repo-cefe2119-c415-44a0-87b9-d91b01c2a327/Sources/QT_Python/pyspark-filter-null.py
[10/27/2022 16:09:24] Debug: Processing File: /tmp/Repo-cefe2119-c415-44a0-87b9-d91b01c2a327/Sources/QT_Python/pyspark-create-dataframe-dictionary.py
[10/27/2022 16:09:24] Debug: Processing File: /tmp/Repo-cefe2119-c415-44a0-87b9-d91b01c2a327/Sources/QT_Python/pyspark-column-functions.py
[10/27/2022 16:09:24] Debug: Processing File: /tmp/Repo-cefe2119-c415-44a0-87b9-d91b01c2a327/Sources/QT_Python/pyspark-dataframe-repartition.py
[10/27/2022 16:09:24] Debug: Processing File: /tmp/Repo-cefe2119-c415-44a0-87b9-d91b01c2a327/Sources/QT_Python/pyspark-struct-to-map.py
[10/27/2022 16:09:24] Debug: Processing File: /tmp/Repo-cefe2119-c415-44a0-87b9-d91b01c2a327/Sources/QT_Python/pyspark-repartition.py
[10/27/2022 16:09:24] Debug: Processing File: /tmp/Repo-cefe2119-c415-44a0-87b9-d91b01c2a327/Sources/QT_Python/pyspark-union.py
[10/27/2022 16:09:24] Debug: Processing File: /tmp/Repo-cefe2119-c415-44a0-87b9-d91b01c2a327/Sources/QT_Python/pyspark-sampling.py
[10/27/2022 16:09:24] Debug: Processing File: /tmp/Repo-cefe2119-c415-44a0-87b9-d91b01c2a327/Sources/QT_Python/pyspark-string-to-array.py
[10/27/2022 16:09:24] Debug: Processing File: /tmp/Repo-cefe2119-c415-44a0-87b9-d91b01c2a327/Sources/QT_Python/pyspark-join.py
[10/27/2022 16:09:24] Debug: Processing File: /tmp/Repo-cefe2119-c415-44a0-87b9-d91b01c2a327/Sources/QT_Python/pyspark-shape-dataframe.py
[10/27/2022 16:09:24] Debug: Processing File: /tmp/Repo-cefe2119-c415-44a0-87b9-d91b01c2a327/Sources/QT_Python/pyspark-rdd-actions.py
[10/27/2022 16:09:24] Debug: Processing File: /tmp/Repo-cefe2119-c415-44a0-87b9-d91b01c2a327/Sources/QT_Python/pyspark-orderby.py
[10/27/2022 16:09:24] Debug: Processing File: /tmp/Repo-cefe2119-c415-44a0-87b9-d91b01c2a327/Sources/QT_Python/pyspark-sql-case-when.py
[10/27/2022 16:09:24] Debug: Processing File: /tmp/Repo-cefe2119-c415-44a0-87b9-d91b01c2a327/Sources/QT_Python/pyspark-empty-data-frame.py
[10/27/2022 16:09:24] Debug: Processing File: /tmp/Repo-cefe2119-c415-44a0-87b9-d91b01c2a327/Sources/QT_Python/pyspark-array-string.py
[10/27/2022 16:09:24] Debug: Processing File: /tmp/Repo-cefe2119-c415-44a0-87b9-d91b01c2a327/Sources/QT_Python/pyspark-window-functions.py
[10/27/2022 16:09:24] Debug: Processing File: /tmp/Repo-cefe2119-c415-44a0-87b9-d91b01c2a327/Sources/QT_Python/pyspark-rdd-broadcast.py
[10/27/2022 16:09:24] Debug: Processing File: /tmp/Repo-cefe2119-c415-44a0-87b9-d91b01c2a327/Sources/QT_Python/pyspark-types.py
[10/27/2022 16:09:24] Debug: Processing File: /tmp/Repo-cefe2119-c415-44a0-87b9-d91b01c2a327/Sources/QT_Python/pyspark-broadcast-dataframe.py
[10/27/2022 16:09:24] Debug: Processing File: /tmp/Repo-cefe2119-c415-44a0-87b9-d91b01c2a327/Sources/QT_Python/python-pandas.py
[10/27/2022 16:09:24] Debug: Processing File: /tmp/Repo-cefe2119-c415-44a0-87b9-d91b01c2a327/Sources/QT_Python/pyspark-print-contents.py
[10/27/2022 16:09:24] Debug: Processing File: /tmp/Repo-cefe2119-c415-44a0-87b9-d91b01c2a327/Sources/QT_Python/pyspark-mappartitions.py
[10/27/2022 16:09:24] Debug: Processing File: /tmp/Repo-cefe2119-c415-44a0-87b9-d91b01c2a327/Sources/QT_Python/pyspark-parallelize.py
[10/27/2022 16:09:24] Debug: Processing File: /tmp/Repo-cefe2119-c415-44a0-87b9-d91b01c2a327/Sources/QT_Python/convert-column-python-list.py
[10/27/2022 16:09:24] Debug: Processing File: /tmp/Repo-cefe2119-c415-44a0-87b9-d91b01c2a327/Sources/QT_Python/pyspark-date-string.py
[10/27/2022 16:09:24] Debug: Processing File: /tmp/Repo-cefe2119-c415-44a0-87b9-d91b01c2a327/Sources/QT_Python/schema.py
[10/27/2022 16:09:24] Debug: Processing File: /tmp/Repo-cefe2119-c415-44a0-87b9-d91b01c2a327/Sources/QT_Python/pyspark-dataframe.py
[10/27/2022 16:09:24] Debug: Processing File: /tmp/Repo-cefe2119-c415-44a0-87b9-d91b01c2a327/Sources/QT_Python/pyspark-convert-map-to-columns.py
[10/27/2022 16:09:24] Debug: Processing File: /tmp/Repo-cefe2119-c415-44a0-87b9-d91b01c2a327/Sources/QT_Python/pyspark-select-columns.py
[10/27/2022 16:09:24] Debug: Processing File: /tmp/Repo-cefe2119-c415-44a0-87b9-d91b01c2a327/Sources/QT_Python/pyspark-add-month.py
[10/27/2022 16:09:24] Debug: Processing File: /tmp/Repo-cefe2119-c415-44a0-87b9-d91b01c2a327/Sources/QT_Python/pyspark-explode-array-map.py
[10/27/2022 16:09:24] Debug: Processing File: /tmp/Repo-cefe2119-c415-44a0-87b9-d91b01c2a327/Sources/QT_Python/pyspark-lit.py
[10/27/2022 16:09:24] Debug: Processing File: /tmp/Repo-cefe2119-c415-44a0-87b9-d91b01c2a327/Sources/QT_Python/pyspark-rdd-wordcount-2.py
[10/27/2022 16:09:24] Debug: Processing File: /tmp/Repo-cefe2119-c415-44a0-87b9-d91b01c2a327/Sources/QT_Python/pyspark-show-top-n-rows.py
[10/27/2022 16:09:24] Debug: Processing File: /tmp/Repo-cefe2119-c415-44a0-87b9-d91b01c2a327/Sources/QT_Python/pyspark-time-diff.py
[10/27/2022 16:09:24] Debug: Processing File: /tmp/Repo-cefe2119-c415-44a0-87b9-d91b01c2a327/Sources/QT_Python/pyspark-distinct.py
[10/27/2022 16:09:24] Debug: Processing File: /tmp/Repo-cefe2119-c415-44a0-87b9-d91b01c2a327/Sources/QT_Python/pyspark-rdd-to-dataframe.py
[10/27/2022 16:09:24] Debug: Processing File: /tmp/Repo-cefe2119-c415-44a0-87b9-d91b01c2a327/Sources/QT_Python/pyspark-rdd-map.py
[10/27/2022 16:09:24] Debug: Processing File: /tmp/Repo-cefe2119-c415-44a0-87b9-d91b01c2a327/Sources/QT_Python/pyspark-rename-column.py
[10/27/2022 16:09:24] Debug: Processing File: /tmp/Repo-cefe2119-c415-44a0-87b9-d91b01c2a327/Sources/QT_Python/pyspark-rdd-wordcount.py
[10/27/2022 16:09:24] Debug: Processing File: /tmp/Repo-cefe2119-c415-44a0-87b9-d91b01c2a327/Sources/QT_Python/pyspark-range-partition.py
[10/27/2022 16:09:24] Debug: Processing File: /tmp/Repo-cefe2119-c415-44a0-87b9-d91b01c2a327/Sources/QT_Python/pyspark-date-timestamp-functions.py
[10/27/2022 16:09:24] Debug: Processing File: /tmp/Repo-cefe2119-c415-44a0-87b9-d91b01c2a327/Sources/QT_Python/pyspark-rdd.py
[10/27/2022 16:09:24] Debug: Processing File: /tmp/Repo-cefe2119-c415-44a0-87b9-d91b01c2a327/Sources/QT_Python/pyspark-collect.py
[10/27/2022 16:09:24] Debug: Processing File: /tmp/Repo-cefe2119-c415-44a0-87b9-d91b01c2a327/Sources/QT_Python/pyspark-update-column.py
[10/27/2022 16:09:24] Debug: Processing File: /tmp/Repo-cefe2119-c415-44a0-87b9-d91b01c2a327/Sources/QT_Python/pyspark-withcolumn.py
[10/27/2022 16:09:24] Info: Step 5/8 - Symbol Table Phase 2: COMPLETED
[10/27/2022 16:09:24] Debug: TaskParam reportPath = /tmp/Output-cefe2119-c415-44a0-87b9-d91b01c2a327/Reports/PythonSnowConvert
[10/27/2022 16:09:24] Debug: TaskParam sessionId = 1d03de93-6091-4f1c-aa5c-2ffef772de79
[10/27/2022 16:09:24] Debug: TaskParam preConversionAssessmentStorage = Mobilize.PythonSnow.Assessment.SparkUsagesInventoryStorage
[10/27/2022 16:09:24] Debug: TaskParam importUsagesInventoryStorage = Mobilize.PythonSnow.Assessment.ImportUsagesInventoryStorage
[10/27/2022 16:09:24] Debug: TaskParam packageVersionsInventoryStorage = Mobilize.PythonSnow.Assessment.PackageVersionsInventoryStorage
[10/27/2022 16:09:24] Debug: TaskParam symbolTable = Mobilize.Python.SymbolTable.PySymbolTable
[10/27/2022 16:09:24] Debug: TaskParam transformationVisitors = Artinsoft.Common.Tools.Transform.TransformationVisitors
[10/27/2022 16:09:24] Debug: TaskParam inputPath = /tmp/Repo-cefe2119-c415-44a0-87b9-d91b01c2a327/Sources
[10/27/2022 16:09:24] Debug: TaskParam mappingDictionaries = Mobilize.SparkCommon.TransformationCore.MappingDictionaries
[10/27/2022 16:09:24] Debug: TaskParam conversionStatusData = Mobilize.SparkCommon.Assessment.ConversionStatus.ConversionStatusData
[10/27/2022 16:09:24] Debug: TaskParam snowConvertCoreVersion = 2.0.111.0
[10/27/2022 16:09:24] Debug: TaskParam PreConversionAssessmentTask.Input = /tmp/Repo-cefe2119-c415-44a0-87b9-d91b01c2a327/Sources/input.wsp
[10/27/2022 16:09:24] Debug: TaskParam workingSet = Artinsoft.Common.Store.RepositoryWorkingSet`2[System.String,Artinsoft.Common.Store.IItemContainer]
[10/27/2022 16:09:24] Debug: TaskParam PreConversionAssessmentTask.ItemMedatada = Artinsoft.Common.Store.ItemMetadata
[10/27/2022 16:09:24] Debug: TaskParam PreConversionAssessmentTask.Enabled = True
[10/27/2022 16:09:24] Debug: TaskParam Repository = Artinsoft.Common.Store.Repository
[10/27/2022 16:09:24] Debug: TaskParam RepositoryDirectory = /tmp/Output-cefe2119-c415-44a0-87b9-d91b01c2a327/.mobilize/CommonEF
[10/27/2022 16:09:24] Info: Step 6/8 - Pre-Conversion Assessment: STARTED
[10/27/2022 16:09:25] Info: Step 6/8 - Pre-Conversion Assessment: COMPLETED
[10/27/2022 16:09:25] Debug: TaskParam ExecutionModeValue = Assessment
[10/27/2022 16:09:25] Debug: TaskParam codeModelWriter = Mobilize.Common.AssessmentModel.Writer.CodeModelWriter
[10/27/2022 16:09:25] Debug: TaskParam symbolTable = Mobilize.Python.SymbolTable.PySymbolTable
[10/27/2022 16:09:25] Debug: TaskParam inputPath = /tmp/Repo-cefe2119-c415-44a0-87b9-d91b01c2a327/Sources
[10/27/2022 16:09:25] Debug: TaskParam outputPath = /tmp/Output-cefe2119-c415-44a0-87b9-d91b01c2a327/Output/PythonSnowConvert
[10/27/2022 16:09:25] Debug: TaskParam processingProgressDescriptor = Mobilize.Common.Utils.Progress.SingleProgressDescriptor
[10/27/2022 16:09:25] Debug: TaskParam transformationVisitors = Artinsoft.Common.Tools.Transform.TransformationVisitors
[10/27/2022 16:09:25] Debug: TaskParam TransformationsTask.Input = /tmp/Repo-cefe2119-c415-44a0-87b9-d91b01c2a327/Sources/input.wsp
[10/27/2022 16:09:25] Debug: TaskParam workingSet = Artinsoft.Common.Store.RepositoryWorkingSet`2[System.String,Artinsoft.Common.Store.IItemContainer]
[10/27/2022 16:09:25] Debug: TaskParam TransformationsTask.ItemMedatada = Artinsoft.Common.Store.ItemMetadata
[10/27/2022 16:09:25] Debug: TaskParam TransformationsTask.Enabled = True
[10/27/2022 16:09:25] Debug: TaskParam Repository = Artinsoft.Common.Store.Repository
[10/27/2022 16:09:25] Debug: TaskParam RepositoryDirectory = /tmp/Output-cefe2119-c415-44a0-87b9-d91b01c2a327/.mobilize/CommonEF
[10/27/2022 16:09:25] Info: Step 7/8 - Conversion Execution: STARTED
[10/27/2022 16:09:25] Info: Step 7/8 - Conversion Execution: COMPLETED
[10/27/2022 16:09:25] Debug: TaskParam initialTime = 10/27/2022 16:09:15
[10/27/2022 16:09:25] Debug: TaskParam preConversionAssessmentStorage = Mobilize.PythonSnow.Assessment.SparkUsagesInventoryStorage
[10/27/2022 16:09:25] Debug: TaskParam issuesReader = Mobilize.PythonSnow.Common.IssuesReader
[10/27/2022 16:09:25] Debug: TaskParam genericScannerReader = Mobilize.PythonSnow.Reports.GenericScannerReader
[10/27/2022 16:09:25] Debug: TaskParam pythonSnowExecutionResult = Mobilize.PythonSnow.Configuration.Models.PythonSnowExecutionResult
[10/27/2022 16:09:25] Debug: TaskParam assessmentManager = Mobilize.SparkCommon.Reports.AssessmentManager
[10/27/2022 16:09:25] Debug: TaskParam usagesCalculator = Mobilize.SparkCommon.Reports.SparkUsagesCalculator
[10/27/2022 16:09:25] Debug: TaskParam inputPath = /tmp/Repo-cefe2119-c415-44a0-87b9-d91b01c2a327/Sources
[10/27/2022 16:09:25] Debug: TaskParam assessmentReportSummaryInformation = Mobilize.SparkCommon.Reports.AssessmentReportSummaryInformation
[10/27/2022 16:09:25] Debug: TaskParam writeResultsProgressDescriptor = Mobilize.Common.Utils.Progress.SingleProgressDescriptor
[10/27/2022 16:09:25] Debug: TaskParam ConversionEndTask.Enabled = True
[10/27/2022 16:09:25] Debug: TaskParam Repository = Artinsoft.Common.Store.Repository
[10/27/2022 16:09:25] Debug: TaskParam RepositoryDirectory = /tmp/Output-cefe2119-c415-44a0-87b9-d91b01c2a327/.mobilize/CommonEF
[10/27/2022 16:09:25] Info: Step 8/8 - Cleanup: STARTED
[10/27/2022 16:09:25] Info: EFProcess 638024837567617168 ended. Excecution time: 00:00:09.0966375
