[10/26/2022 23:23:25] Debug: Session id: 425cbf83-0e57-43a1-94eb-80a4a6859abd
[10/26/2022 23:23:25] Debug: Execution id: ff3c1f17-1cf2-4e74-8f29-8e54e37d9fa9
[10/26/2022 23:23:25] Info: Starting to analyze the input path '/tmp/Repo-67938de8-41fa-4ed9-8222-ce9d181817d2/Sources'...
[10/26/2022 23:23:25] Info: Found 4 SCALA files with a total size of 11.49KB
[10/26/2022 23:23:25] Info: Found 0 GRADLE files
[10/26/2022 23:23:25] Info: Found 1 SBT files with a total size of 0.58KB
[10/26/2022 23:23:25] Info: Found 108 TOTAL files with a total size of 0.14MB
[10/26/2022 23:23:25] Warning: Found 113 files to convert, the process might take several hours
[10/26/2022 23:23:25] Debug: Exception thrown while loading the issue resources.
[10/26/2022 23:23:25] Debug: Exception thrown while loading the issue resources.
[10/26/2022 23:23:25] Debug: Exception thrown while loading the issue resources.
[10/26/2022 23:23:25] Debug: Exception thrown while loading the issue resources.
[10/26/2022 23:23:25] Debug: Exception thrown while loading the issue resources.
[10/26/2022 23:23:25] Debug: Exception thrown while loading the issue resources.
[10/26/2022 23:23:25] Debug: Exception thrown while loading the issue resources.
[10/26/2022 23:23:25] Debug: Exception thrown while loading the issue resources.
[10/26/2022 23:23:25] Debug: Exception thrown while loading the issue resources.
[10/26/2022 23:23:25] Debug: Exception thrown while loading the issue resources.
[10/26/2022 23:23:25] Debug: Exception thrown while loading the issue resources.
[10/26/2022 23:23:25] Debug: Exception thrown while loading the issue resources.
[10/26/2022 23:23:25] Debug: Exception thrown while loading the issue resources.
[10/26/2022 23:23:25] Debug: Exception thrown while loading the issue resources.
[10/26/2022 23:23:25] Debug: Exception thrown while loading the issue resources.
[10/26/2022 23:23:25] Debug: Exception thrown while loading the issue resources.
[10/26/2022 23:23:25] Debug: Exception thrown while loading the issue resources.
[10/26/2022 23:23:25] Debug: Exception thrown while loading the issue resources.
[10/26/2022 23:23:25] Debug: Exception thrown while loading the issue resources.
[10/26/2022 23:23:25] Debug: Exception thrown while loading the issue resources.
[10/26/2022 23:23:25] Debug: Exception thrown while loading the issue resources.
[10/26/2022 23:23:25] Debug: Exception thrown while loading the issue resources.
[10/26/2022 23:23:25] Debug: Exception thrown while loading the issue resources.
[10/26/2022 23:23:25] Debug: Exception thrown while loading the issue resources.
[10/26/2022 23:23:25] Debug: Exception thrown while loading the issue resources.
[10/26/2022 23:23:25] Debug: Exception thrown while loading the issue resources.
[10/26/2022 23:23:25] Debug: Exception thrown while loading the issue resources.
[10/26/2022 23:23:26] Info: Starting the parsing process of 113 files with 0.15MB of code, this might take a while...
[10/26/2022 23:23:27] Info: EFProcess 638024234077423921 started
[10/26/2022 23:23:27] Debug: TaskParam customMapDirectoryPath = 
[10/26/2022 23:23:27] Debug: TaskParam mappingDictionaries = Mobilize.SparkCommon.TransformationCore.MappingDictionaries
[10/26/2022 23:23:27] Debug: TaskParam LoadMappingsTask.Enabled = True
[10/26/2022 23:23:27] Debug: TaskParam Repository = Value is not created.
[10/26/2022 23:23:27] Debug: TaskParam RepositoryDirectory = /tmp/Output-67938de8-41fa-4ed9-8222-ce9d181817d2/.mobilize/CommonEF
[10/26/2022 23:23:27] Debug: TaskParam codeModelWriter = Mobilize.Common.AssessmentModel.Writer.CodeModelWriter
[10/26/2022 23:23:27] Debug: TaskParam dependenciesToAdd = libs/base_snowparkextensions_2.12.jar, com.snowflake:snowpark:1.4.0
[10/26/2022 23:23:27] Debug: TaskParam dependenciesToRemove = org.apache.spark
[10/26/2022 23:23:27] Debug: TaskParam excludedProjectFiles = *.xml, *.png, glacial.mobilize, *.scala, .wspark
[10/26/2022 23:23:27] Debug: TaskParam ExecutionModeValue = Assessment
[10/26/2022 23:23:27] Debug: TaskParam inputPath = /tmp/Repo-67938de8-41fa-4ed9-8222-ce9d181817d2/Sources
[10/26/2022 23:23:27] Debug: TaskParam outputPath = /tmp/Output-67938de8-41fa-4ed9-8222-ce9d181817d2/Output/SparkSnowConvert
[10/26/2022 23:23:27] Debug: TaskParam projectId = 
[10/26/2022 23:23:27] Debug: TaskParam ProjectGenerationTask.Enabled = True
[10/26/2022 23:23:27] Debug: TaskParam Repository = Value is not created.
[10/26/2022 23:23:27] Debug: TaskParam RepositoryDirectory = /tmp/Output-67938de8-41fa-4ed9-8222-ce9d181817d2/.mobilize/CommonEF
[10/26/2022 23:23:27] Info: Step 2/9 - Generating project: STARTED
[10/26/2022 23:23:27] Info: Step 2/9 - Generating project: COMPLETED
[10/26/2022 23:23:27] Debug: TaskParam parsedFilesCount = 0
[10/26/2022 23:23:27] Debug: TaskParam parsingProgressDescriptor = Mobilize.Common.Utils.Progress.SingleProgressDescriptor
[10/26/2022 23:23:27] Debug: TaskParam processingProgressDescriptor = Mobilize.Common.Utils.Progress.SingleProgressDescriptor
[10/26/2022 23:23:27] Debug: TaskParam linesOfCodeReportStorage = Mobilize.SparkSnow.Assessment.LinesOfCodeReportStorage
[10/26/2022 23:23:27] Debug: TaskParam projectId = 
[10/26/2022 23:23:27] Debug: TaskParam inputPath = /tmp/Repo-67938de8-41fa-4ed9-8222-ce9d181817d2/Sources
[10/26/2022 23:23:27] Debug: TaskParam filesToProcess = 
[10/26/2022 23:23:27] Debug: TaskParam transformationVisitors = Value is not created.
[10/26/2022 23:23:27] Debug: TaskParam ConversionBeginTask.Input = /tmp/Repo-67938de8-41fa-4ed9-8222-ce9d181817d2/Sources/input.wsp
[10/26/2022 23:23:27] Debug: TaskParam workingSet = Value is not created.
[10/26/2022 23:23:27] Debug: TaskParam ConversionBeginTask.ItemMedatada = Artinsoft.Common.Store.ItemMetadata
[10/26/2022 23:23:27] Debug: TaskParam ConversionBeginTask.Enabled = True
[10/26/2022 23:23:27] Debug: TaskParam Repository = Value is not created.
[10/26/2022 23:23:27] Debug: TaskParam RepositoryDirectory = /tmp/Output-67938de8-41fa-4ed9-8222-ce9d181817d2/.mobilize/CommonEF
[10/26/2022 23:23:27] Info: Step 3/9 - Loading Code: STARTED
[10/26/2022 23:23:28] Debug: Processing File: /tmp/Repo-67938de8-41fa-4ed9-8222-ce9d181817d2/Sources/QT_Scala/src/main/scala/Credentials.scala
[10/26/2022 23:23:28] Debug: Processing File: /tmp/Repo-67938de8-41fa-4ed9-8222-ce9d181817d2/Sources/QT_Scala/src/main/scala/SessionDriver.scala
[10/26/2022 23:23:28] Debug: Processing File: /tmp/Repo-67938de8-41fa-4ed9-8222-ce9d181817d2/Sources/QT_Scala/src/main/scala/LinearRegression.scala
[10/26/2022 23:23:28] Debug: Processing File: /tmp/Repo-67938de8-41fa-4ed9-8222-ce9d181817d2/Sources/QT_Scala/src/main/scala/Main.scala
[10/26/2022 23:23:28] Info: Step 3/9 - Loading Code: COMPLETED
[10/26/2022 23:23:29] Debug: TaskParam codeModelWriter = Mobilize.Common.AssessmentModel.Writer.CodeModelWriter
[10/26/2022 23:23:29] Debug: TaskParam inputPath = /tmp/Repo-67938de8-41fa-4ed9-8222-ce9d181817d2/Sources
[10/26/2022 23:23:29] Debug: TaskParam outputPath = /tmp/Output-67938de8-41fa-4ed9-8222-ce9d181817d2/Output/SparkSnowConvert
[10/26/2022 23:23:29] Debug: TaskParam ExecutionModeValue = Assessment
[10/26/2022 23:23:29] Debug: TaskParam ParsingErrorsTask.Input = /tmp/Repo-67938de8-41fa-4ed9-8222-ce9d181817d2/Sources/input.wsp
[10/26/2022 23:23:29] Debug: TaskParam workingSet = Artinsoft.Common.Store.RepositoryWorkingSet`2[System.String,Artinsoft.Common.Store.IItemContainer]
[10/26/2022 23:23:29] Debug: TaskParam ParsingErrorsTask.ItemMedatada = Artinsoft.Common.Store.ItemMetadata
[10/26/2022 23:23:29] Debug: TaskParam ParsingErrorsTask.Enabled = True
[10/26/2022 23:23:29] Debug: TaskParam Repository = Artinsoft.Common.Store.Repository
[10/26/2022 23:23:29] Debug: TaskParam RepositoryDirectory = /tmp/Output-67938de8-41fa-4ed9-8222-ce9d181817d2/.mobilize/CommonEF
[10/26/2022 23:23:29] Info: Step 4/9 - Parsing Errors: STARTED
[10/26/2022 23:23:29] Info: Step 4/9 - Parsing Errors: COMPLETED
[10/26/2022 23:23:29] Debug: TaskParam filesToProcess = /tmp/Repo-67938de8-41fa-4ed9-8222-ce9d181817d2/Sources/QT_Scala/src/main/scala/Credentials.scala, /tmp/Repo-67938de8-41fa-4ed9-8222-ce9d181817d2/Sources/QT_Scala/src/main/scala/SessionDriver.scala, /tmp/Repo-67938de8-41fa-4ed9-8222-ce9d181817d2/Sources/QT_Scala/src/main/scala/LinearRegression.scala, /tmp/Repo-67938de8-41fa-4ed9-8222-ce9d181817d2/Sources/QT_Scala/src/main/scala/Main.scala
[10/26/2022 23:23:29] Debug: TaskParam inputPath = /tmp/Repo-67938de8-41fa-4ed9-8222-ce9d181817d2/Sources
[10/26/2022 23:23:29] Debug: TaskParam rootOutputPath = /tmp/Output-67938de8-41fa-4ed9-8222-ce9d181817d2
[10/26/2022 23:23:29] Debug: TaskParam shouldGenerateDump = False
[10/26/2022 23:23:29] Debug: TaskParam SymbolTableLoaderTask.Enabled = True
[10/26/2022 23:23:29] Debug: TaskParam Repository = Artinsoft.Common.Store.Repository
[10/26/2022 23:23:29] Debug: TaskParam RepositoryDirectory = /tmp/Output-67938de8-41fa-4ed9-8222-ce9d181817d2/.mobilize/CommonEF
[10/26/2022 23:23:29] Info: Step 5/9 - Symbol Table Loading: STARTED
[10/26/2022 23:23:31] Info: Step 5/9 - Loading spark symbols
[10/26/2022 23:23:34] Info: Step 5/9 - Done loading spark symbols
[10/26/2022 23:23:35] Info: Step 5/9 - Symbol Table Loading: COMPLETED
[10/26/2022 23:23:35] Debug: TaskParam reportPath = /tmp/Output-67938de8-41fa-4ed9-8222-ce9d181817d2/Reports/SparkSnowConvert
[10/26/2022 23:23:35] Debug: TaskParam sqlRegExExtractionDictionary = [DELETE, \b(delete)(.*?)\b(from)\b], [INSERT, \b(insert)\b(.*?)\b(into)\b], [SELECT, (?i)(?s)\b(select)\b(.*?)\b(from)\b], [UPDATE, \b(update)\b(.*?)\b(set)\b]
[10/26/2022 23:23:35] Debug: TaskParam projectId = Sources
[10/26/2022 23:23:35] Debug: TaskParam inputPath = /tmp/Repo-67938de8-41fa-4ed9-8222-ce9d181817d2/Sources
[10/26/2022 23:23:35] Debug: TaskParam sessionId = 425cbf83-0e57-43a1-94eb-80a4a6859abd
[10/26/2022 23:23:35] Debug: TaskParam sparkUsagesInventoryStorage = Mobilize.SparkSnow.Assessment.SparkUsagesInventoryStorage
[10/26/2022 23:23:35] Debug: TaskParam importUsagesInventoryStorage = Mobilize.SparkSnow.Assessment.ImportUsagesInventoryStorage
[10/26/2022 23:23:35] Debug: TaskParam sqlExtractionReportStorage = Mobilize.SparkSnow.Assessment.SqlExtractionReportStorage
[10/26/2022 23:23:35] Debug: TaskParam symbolTable = Mobilize.Scala.SymbolTable.SclSymbolTable
[10/26/2022 23:23:35] Debug: TaskParam transformationVisitors = Value is not created.
[10/26/2022 23:23:35] Debug: TaskParam mappingDictionaries = Mobilize.SparkCommon.TransformationCore.MappingDictionaries
[10/26/2022 23:23:35] Debug: TaskParam conversionStatusData = Mobilize.SparkCommon.Assessment.ConversionStatus.ConversionStatusData
[10/26/2022 23:23:35] Debug: TaskParam snowConvertCoreVersion = 0.1.538.0
[10/26/2022 23:23:35] Debug: TaskParam matchByName = True
[10/26/2022 23:23:35] Debug: TaskParam SparkUsagesInventoryTask.Input = /tmp/Repo-67938de8-41fa-4ed9-8222-ce9d181817d2/Sources/input.wsp
[10/26/2022 23:23:35] Debug: TaskParam workingSet = Artinsoft.Common.Store.RepositoryWorkingSet`2[System.String,Artinsoft.Common.Store.IItemContainer]
[10/26/2022 23:23:35] Debug: TaskParam SparkUsagesInventoryTask.ItemMedatada = Artinsoft.Common.Store.ItemMetadata
[10/26/2022 23:23:35] Debug: TaskParam SparkUsagesInventoryTask.Enabled = True
[10/26/2022 23:23:35] Debug: TaskParam Repository = Artinsoft.Common.Store.Repository
[10/26/2022 23:23:35] Debug: TaskParam RepositoryDirectory = /tmp/Output-67938de8-41fa-4ed9-8222-ce9d181817d2/.mobilize/CommonEF
[10/26/2022 23:23:35] Info: Step 7/9 - Pre-Conversion Assessment: STARTED
[10/26/2022 23:23:36] Info: Step 7/9 - Pre-Conversion Assessment: COMPLETED
[10/26/2022 23:23:36] Debug: TaskParam ExecutionModeValue = Assessment
[10/26/2022 23:23:36] Debug: TaskParam codeModelWriter = Mobilize.Common.AssessmentModel.Writer.CodeModelWriter
[10/26/2022 23:23:36] Debug: TaskParam symbolTable = Mobilize.Scala.SymbolTable.SclSymbolTable
[10/26/2022 23:23:36] Debug: TaskParam inputPath = /tmp/Repo-67938de8-41fa-4ed9-8222-ce9d181817d2/Sources
[10/26/2022 23:23:36] Debug: TaskParam outputPath = /tmp/Output-67938de8-41fa-4ed9-8222-ce9d181817d2/Output/SparkSnowConvert
[10/26/2022 23:23:36] Debug: TaskParam processingProgressDescriptor = Mobilize.Common.Utils.Progress.SingleProgressDescriptor
[10/26/2022 23:23:36] Debug: TaskParam transformationVisitors = Artinsoft.Common.Tools.Transform.TransformationVisitors
[10/26/2022 23:23:36] Debug: TaskParam conversionStatusData = Mobilize.SparkCommon.Assessment.ConversionStatus.ConversionStatusData
[10/26/2022 23:23:36] Debug: TaskParam matchByName = True
[10/26/2022 23:23:36] Debug: TaskParam projectId = Sources
[10/26/2022 23:23:36] Debug: TaskParam TransformationsTask.Input = /tmp/Repo-67938de8-41fa-4ed9-8222-ce9d181817d2/Sources/input.wsp
[10/26/2022 23:23:36] Debug: TaskParam workingSet = Artinsoft.Common.Store.RepositoryWorkingSet`2[System.String,Artinsoft.Common.Store.IItemContainer]
[10/26/2022 23:23:36] Debug: TaskParam TransformationsTask.ItemMedatada = Artinsoft.Common.Store.ItemMetadata
[10/26/2022 23:23:36] Debug: TaskParam TransformationsTask.Enabled = True
[10/26/2022 23:23:36] Debug: TaskParam Repository = Artinsoft.Common.Store.Repository
[10/26/2022 23:23:36] Debug: TaskParam RepositoryDirectory = /tmp/Output-67938de8-41fa-4ed9-8222-ce9d181817d2/.mobilize/CommonEF
[10/26/2022 23:23:36] Info: Step 8/9 - Conversion Execution: STARTED
[10/26/2022 23:23:36] Info: Step 8/9 - Conversion Execution: COMPLETED
[10/26/2022 23:23:36] Debug: TaskParam issuesReader = Mobilize.SparkSnow.Common.IssuesReader
[10/26/2022 23:23:36] Debug: TaskParam genericScannerReader = Mobilize.SparkSnow.Assessment.GenericScannerReader
[10/26/2022 23:23:36] Debug: TaskParam initialTime = 10/26/2022 23:23:25
[10/26/2022 23:23:36] Debug: TaskParam sparkUsagesInventoryStorage = Mobilize.SparkSnow.Assessment.SparkUsagesInventoryStorage
[10/26/2022 23:23:36] Debug: TaskParam sqlExtractionReportStorage = Mobilize.SparkSnow.Assessment.SqlExtractionReportStorage
[10/26/2022 23:23:36] Debug: TaskParam writeResultsProgressDescriptor = Mobilize.Common.Utils.Progress.SingleProgressDescriptor
[10/26/2022 23:23:36] Debug: TaskParam inputPath = /tmp/Repo-67938de8-41fa-4ed9-8222-ce9d181817d2/Sources
[10/26/2022 23:23:36] Debug: TaskParam sparkSnowExecutionResult = Mobilize.SparkSnow.Configuration.Models.SparkSnowExecutionResult
[10/26/2022 23:23:36] Debug: TaskParam assessmentReportSummaryInformation = Mobilize.SparkCommon.Reports.AssessmentReportSummaryInformation
[10/26/2022 23:23:36] Debug: TaskParam assessmentManager = Mobilize.SparkCommon.Reports.AssessmentManager
[10/26/2022 23:23:36] Debug: TaskParam usagesCalculator = Mobilize.SparkCommon.Reports.SparkUsagesCalculator
[10/26/2022 23:23:36] Debug: TaskParam snowConvertCoreVersion = 0.1.538.0
[10/26/2022 23:23:36] Debug: TaskParam ConversionEndTask.Enabled = True
[10/26/2022 23:23:36] Debug: TaskParam Repository = Artinsoft.Common.Store.Repository
[10/26/2022 23:23:36] Debug: TaskParam RepositoryDirectory = /tmp/Output-67938de8-41fa-4ed9-8222-ce9d181817d2/.mobilize/CommonEF
[10/26/2022 23:23:36] Info: Step 9/9 - Cleanup: STARTED
[10/26/2022 23:23:36] Info: EFProcess 638024234077423921 ended. Excecution time: 00:00:09.0319048
